2021.06.15 09:20:54.869 INFO  Model.MyModel - Start generator server
2021.06.15 09:20:54.871 INFO  Model.MyModel - Start searcher server
2021.06.15 09:20:58.502 INFO  Model.MyModel - Client ask for maze 10X10
2021.06.15 09:21:04.391 INFO  Model.MyModel - Client ask for maze 10X10
2021.06.15 09:21:04.868 INFO  Model.MyModel - Client ask for maze 10X10
2021.06.15 09:21:05.190 INFO  Model.MyModel - Client ask for maze 10X10
2021.06.15 09:21:05.535 INFO  Model.MyModel - Client ask for maze 10X10
2021.06.15 09:21:06.101 INFO  Model.MyModel - Client ask to solve maze 10X10
2021.06.15 09:21:26.134 INFO  Model.MyModel - Client changed the properties
2021.06.15 09:21:26.134 INFO  Model.MyModel - The new properties is:
2021.06.15 09:21:26.134 INFO  Model.MyModel - Maze Generator: EmptyMazeGenerator
2021.06.15 09:21:26.135 INFO  Model.MyModel - Maze Searcher: BreadthFirstSearch
2021.06.15 09:21:26.135 INFO  Model.MyModel - Num of Threads: 3
2021.06.15 09:21:26.810 INFO  Model.MyModel - Client ask for maze 10X10
2021.06.15 09:21:27.910 INFO  Model.MyModel - Client ask to solve maze 10X10
2021.06.15 09:21:28.477 INFO  Model.MyModel - java.io.EOFException
2021.06.15 09:36:25.227 INFO  Model.MyModel - Start generator server
2021.06.15 09:36:25.229 INFO  Model.MyModel - Start searcher server
2021.06.15 09:36:34.308 INFO  Model.MyModel - Client changed the properties
2021.06.15 09:36:34.308 INFO  Model.MyModel - The new properties is:
2021.06.15 09:36:34.308 INFO  Model.MyModel - Maze Generator: MyMazeGenerator
2021.06.15 09:36:34.308 INFO  Model.MyModel - Maze Searcher: DepthFirstSearch
2021.06.15 09:36:34.308 INFO  Model.MyModel - Num of Threads: 4
2021.06.15 09:36:41.477 INFO  Model.MyModel - Client changed the properties
2021.06.15 09:36:41.477 INFO  Model.MyModel - The new properties is:
2021.06.15 09:36:41.477 INFO  Model.MyModel - Maze Generator: MyMazeGenerator
2021.06.15 09:36:41.477 INFO  Model.MyModel - Maze Searcher: DepthFirstSearch
2021.06.15 09:36:41.477 INFO  Model.MyModel - Num of Threads: 4
2021.06.15 09:36:48.216 INFO  Model.MyModel - Start generator server
2021.06.15 09:36:48.216 INFO  Model.MyModel - Start searcher server
2021.06.15 09:36:49.066 INFO  Model.MyModel - Client ask for maze 10X10
2021.06.15 09:36:58.023 INFO  Model.MyModel - Client closed all..
2021.06.15 09:36:58.023 INFO  Model.MyModel - Stop generator server
2021.06.15 09:36:58.023 INFO  Model.MyModel - Stop searcher server
2021.06.15 09:43:24.800 INFO  Model.MyModel - Start generator server
2021.06.15 09:43:24.803 INFO  Model.MyModel - Start searcher server
2021.06.15 09:43:25.937 INFO  Model.MyModel - Client ask for maze 10X10
2021.06.15 09:43:26.467 INFO  Model.MyModel - Client ask to solve maze 10X10
2021.06.15 09:43:27.037 INFO  Model.MyModel - Client ask to restart the current maze
2021.06.15 09:43:31.556 INFO  Model.MyModel - Client changed the properties
2021.06.15 09:43:31.556 INFO  Model.MyModel - The new properties is:
2021.06.15 09:43:31.556 INFO  Model.MyModel - Maze Generator: SimpleMazeGenerator
2021.06.15 09:43:31.556 INFO  Model.MyModel - Maze Searcher: BreadthFirstSearch
2021.06.15 09:43:31.556 INFO  Model.MyModel - Num of Threads: 3
2021.06.15 09:43:32.403 INFO  Model.MyModel - Client ask for maze 10X10
2021.06.15 09:43:32.881 INFO  Model.MyModel - Client ask to solve maze 10X10
2021.06.15 09:43:33.598 INFO  Model.MyModel - Client ask to solve maze 10X10
2021.06.15 09:43:34.118 INFO  Model.MyModel - Client ask for maze 10X10
2021.06.15 09:43:34.526 INFO  Model.MyModel - Client ask for maze 10X10
2021.06.15 09:43:34.750 INFO  Model.MyModel - Client ask for maze 10X10
2021.06.15 09:43:35.297 INFO  Model.MyModel - Client ask to solve maze 10X10
2021.06.15 09:43:36.599 INFO  Model.MyModel - Client closed all..
2021.06.15 09:43:36.600 INFO  Model.MyModel - Stop generator server
2021.06.15 09:43:36.600 INFO  Model.MyModel - Stop searcher server
2021.06.15 10:06:09.143 INFO  Model.MyModel - Start generator server
2021.06.15 10:06:09.145 INFO  Model.MyModel - Start searcher server
2021.06.15 10:11:16.842 INFO  Model.MyModel - Start generator server
2021.06.15 10:11:16.847 INFO  Model.MyModel - Start searcher server
2021.06.15 10:11:18.209 INFO  Model.MyModel - Client ask for maze 10X10
2021.06.15 10:11:18.670 INFO  Model.MyModel - Client ask to solve maze 10X10
2021.06.15 10:11:18.959 INFO  Model.MyModel - Client ask to solve maze 10X10
2021.06.15 10:11:19.512 INFO  Model.MyModel - Client ask to restart the current maze
2021.06.15 10:11:20.736 INFO  Model.MyModel - Client closed all..
2021.06.15 10:11:20.737 INFO  Model.MyModel - Stop generator server
2021.06.15 10:11:20.737 INFO  Model.MyModel - Stop searcher server
2021.06.15 10:31:22.204 INFO  Model.MyModel - Start generator server
2021.06.15 10:31:22.207 INFO  Model.MyModel - Start searcher server
2021.06.15 10:31:23.708 INFO  Model.MyModel - Client ask for maze 10X10
2021.06.15 10:31:26.104 INFO  Model.MyModel - Client closed all..
2021.06.15 10:31:26.104 INFO  Model.MyModel - Stop generator server
2021.06.15 10:31:26.104 INFO  Model.MyModel - Stop searcher server
